This is pdfTeX, Version 3.14159265-2.6-1.40.20 (MiKTeX 2.9.7250 64-bit) (preloaded format=pdflatex 2020.1.7)  7 MAY 2020 16:35
entering extended mode
**"./2020_04_10 07.tex"
("2020_04_10 07.tex"
LaTeX2e <2019-10-01> patch level 3
("C:\Users\82104\AppData\Local\Programs\MiKTeX 2.9\tex/latex/beamer\beamer.cls"
Document Class: beamer 2019/09/29 v3.57 A class for typesetting presentations

("C:\Users\82104\AppData\Local\Programs\MiKTeX 2.9\tex/latex/beamer\beamerbasem
odes.sty"
("C:\Users\82104\AppData\Local\Programs\MiKTeX 2.9\tex/latex/etoolbox\etoolbox.
sty"
Package: etoolbox 2019/09/21 v2.5h e-TeX tools for LaTeX (JAW)
\etb@tempcnta=\count80
)
\beamer@tempbox=\box27
\beamer@tempcount=\count81
\c@beamerpauses=\count82

("C:\Users\82104\AppData\Local\Programs\MiKTeX 2.9\tex/latex/beamer\beamerbased
ecode.sty"
\beamer@slideinframe=\count83
\beamer@minimum=\count84
\beamer@decode@box=\box28
)
\beamer@commentbox=\box29
\beamer@modecount=\count85
)
("C:\Users\82104\AppData\Local\Programs\MiKTeX 2.9\tex/generic/iftex\ifpdf.sty"
Package: ifpdf 2019/10/25 v3.4 ifpdf legacy package. Use iftex instead.
("C:\Users\82104\AppData\Local\Programs\MiKTeX 2.9\tex/generic/iftex\iftex.sty"
Package: iftex 2019/11/07 v1.0c TeX engine tests
))
\headdp=\dimen102
\footheight=\dimen103
\sidebarheight=\dimen104
\beamer@tempdim=\dimen105
\beamer@finalheight=\dimen106
\beamer@animht=\dimen107
\beamer@animdp=\dimen108
\beamer@animwd=\dimen109
\beamer@leftmargin=\dimen110
\beamer@rightmargin=\dimen111
\beamer@leftsidebar=\dimen112
\beamer@rightsidebar=\dimen113
\beamer@boxsize=\dimen114
\beamer@vboxoffset=\dimen115
\beamer@descdefault=\dimen116
\beamer@descriptionwidth=\dimen117
\beamer@lastskip=\skip41
\beamer@areabox=\box30
\beamer@animcurrent=\box31
\beamer@animshowbox=\box32
\beamer@sectionbox=\box33
\beamer@logobox=\box34
\beamer@linebox=\box35
\beamer@sectioncount=\count86
\beamer@subsubsectionmax=\count87
\beamer@subsectionmax=\count88
\beamer@sectionmax=\count89
\beamer@totalheads=\count90
\beamer@headcounter=\count91
\beamer@partstartpage=\count92
\beamer@sectionstartpage=\count93
\beamer@subsectionstartpage=\count94
\beamer@animationtempa=\count95
\beamer@animationtempb=\count96
\beamer@xpos=\count97
\beamer@ypos=\count98
\beamer@ypos@offset=\count99
\beamer@showpartnumber=\count100
\beamer@currentsubsection=\count101
\beamer@coveringdepth=\count102
\beamer@sectionadjust=\count103
\beamer@tocsectionnumber=\count104

("C:\Users\82104\AppData\Local\Programs\MiKTeX 2.9\tex/latex/beamer\beamerbaseo
ptions.sty"
("C:\Users\82104\AppData\Local\Programs\MiKTeX 2.9\tex/latex/graphics\keyval.st
y"
Package: keyval 2014/10/28 v1.15 key=value parser (DPC)
\KV@toks@=\toks14
))
\beamer@paperwidth=\skip42
\beamer@paperheight=\skip43

("C:\Users\82104\AppData\Local\Programs\MiKTeX 2.9\tex/latex/geometry\geometry.
sty"
Package: geometry 2020/01/02 v5.9 Page Geometry

("C:\Users\82104\AppData\Local\Programs\MiKTeX 2.9\tex/generic/iftex\ifvtex.sty
"
Package: ifvtex 2019/10/25 v1.7 ifvtex legacy package. Use iftex instead.
)
\Gm@cnth=\count105
\Gm@cntv=\count106
\c@Gm@tempcnt=\count107
\Gm@bindingoffset=\dimen118
\Gm@wd@mp=\dimen119
\Gm@odd@mp=\dimen120
\Gm@even@mp=\dimen121
\Gm@layoutwidth=\dimen122
\Gm@layoutheight=\dimen123
\Gm@layouthoffset=\dimen124
\Gm@layoutvoffset=\dimen125
\Gm@dimlist=\toks15

("C:\Users\82104\AppData\Local\Programs\MiKTeX 2.9\tex/latex/geometry\geometry.
cfg"))
("C:\Users\82104\AppData\Local\Programs\MiKTeX 2.9\tex/latex/base\size11.clo"
File: size11.clo 2019/10/25 v1.4k Standard LaTeX file (size option)
)
("C:\Users\82104\AppData\Local\Programs\MiKTeX 2.9\tex/latex/pgf/basiclayer\pgf
core.sty"
("C:\Users\82104\AppData\Local\Programs\MiKTeX 2.9\tex/latex/graphics\graphicx.
sty"
Package: graphicx 2017/06/01 v1.1a Enhanced LaTeX Graphics (DPC,SPQR)

("C:\Users\82104\AppData\Local\Programs\MiKTeX 2.9\tex/latex/graphics\graphics.
sty"
Package: graphics 2019/11/01 v1.3d Standard LaTeX Graphics (DPC,SPQR)

("C:\Users\82104\AppData\Local\Programs\MiKTeX 2.9\tex/latex/graphics\trig.sty"
Package: trig 2016/01/03 v1.10 sin cos tan (DPC)
)
("C:\Users\82104\AppData\Local\Programs\MiKTeX 2.9\tex/latex/graphics-cfg\graph
ics.cfg"
File: graphics.cfg 2016/06/04 v1.11 sample graphics configuration
)
Package graphics Info: Driver file: pdftex.def on input line 105.

("C:\Users\82104\AppData\Local\Programs\MiKTeX 2.9\tex/latex/graphics-def\pdfte
x.def"
File: pdftex.def 2018/01/08 v1.0l Graphics/color driver for pdftex
))
\Gin@req@height=\dimen126
\Gin@req@width=\dimen127
)
("C:\Users\82104\AppData\Local\Programs\MiKTeX 2.9\tex/latex/pgf/systemlayer\pg
fsys.sty"
("C:\Users\82104\AppData\Local\Programs\MiKTeX 2.9\tex/latex/pgf/utilities\pgfr
cs.sty"
("C:\Users\82104\AppData\Local\Programs\MiKTeX 2.9\tex/generic/pgf/utilities\pg
futil-common.tex"
\pgfutil@everybye=\toks16
\pgfutil@tempdima=\dimen128
\pgfutil@tempdimb=\dimen129

("C:\Users\82104\AppData\Local\Programs\MiKTeX 2.9\tex/generic/pgf/utilities\pg
futil-common-lists.tex"))
("C:\Users\82104\AppData\Local\Programs\MiKTeX 2.9\tex/generic/pgf/utilities\pg
futil-latex.def"
\pgfutil@abb=\box36

("C:\Users\82104\AppData\Local\Programs\MiKTeX 2.9\tex/latex/ms\everyshi.sty"
Package: everyshi 2001/05/15 v3.00 EveryShipout Package (MS)
))
("C:\Users\82104\AppData\Local\Programs\MiKTeX 2.9\tex/generic/pgf/utilities\pg
frcs.code.tex"
("C:\Users\82104\AppData\Local\Programs\MiKTeX 2.9\tex/generic/pgf\pgf.revision
.tex")
Package: pgfrcs 2019/12/21 v3.1.5a (3.1.5a)
))
("C:\Users\82104\AppData\Local\Programs\MiKTeX 2.9\tex/generic/pgf/systemlayer\
pgfsys.code.tex"
Package: pgfsys 2019/12/21 v3.1.5a (3.1.5a)

("C:\Users\82104\AppData\Local\Programs\MiKTeX 2.9\tex/generic/pgf/utilities\pg
fkeys.code.tex"
\pgfkeys@pathtoks=\toks17
\pgfkeys@temptoks=\toks18

("C:\Users\82104\AppData\Local\Programs\MiKTeX 2.9\tex/generic/pgf/utilities\pg
fkeysfiltered.code.tex"
\pgfkeys@tmptoks=\toks19
))
\pgf@x=\dimen130
\pgf@y=\dimen131
\pgf@xa=\dimen132
\pgf@ya=\dimen133
\pgf@xb=\dimen134
\pgf@yb=\dimen135
\pgf@xc=\dimen136
\pgf@yc=\dimen137
\pgf@xd=\dimen138
\pgf@yd=\dimen139
\w@pgf@writea=\write3
\r@pgf@reada=\read1
\c@pgf@counta=\count108
\c@pgf@countb=\count109
\c@pgf@countc=\count110
\c@pgf@countd=\count111
\t@pgf@toka=\toks20
\t@pgf@tokb=\toks21
\t@pgf@tokc=\toks22
\pgf@sys@id@count=\count112

("C:\Users\82104\AppData\Local\Programs\MiKTeX 2.9\tex/generic/pgf/systemlayer\
pgf.cfg"
File: pgf.cfg 2019/12/21 v3.1.5a (3.1.5a)
)
Driver file for pgf: pgfsys-pdftex.def

("C:\Users\82104\AppData\Local\Programs\MiKTeX 2.9\tex/generic/pgf/systemlayer\
pgfsys-pdftex.def"
File: pgfsys-pdftex.def 2019/12/21 v3.1.5a (3.1.5a)

("C:\Users\82104\AppData\Local\Programs\MiKTeX 2.9\tex/generic/pgf/systemlayer\
pgfsys-common-pdf.def"
File: pgfsys-common-pdf.def 2019/12/21 v3.1.5a (3.1.5a)
)))
("C:\Users\82104\AppData\Local\Programs\MiKTeX 2.9\tex/generic/pgf/systemlayer\
pgfsyssoftpath.code.tex"
File: pgfsyssoftpath.code.tex 2019/12/21 v3.1.5a (3.1.5a)
\pgfsyssoftpath@smallbuffer@items=\count113
\pgfsyssoftpath@bigbuffer@items=\count114
)
("C:\Users\82104\AppData\Local\Programs\MiKTeX 2.9\tex/generic/pgf/systemlayer\
pgfsysprotocol.code.tex"
File: pgfsysprotocol.code.tex 2019/12/21 v3.1.5a (3.1.5a)
))
("C:\Users\82104\AppData\Local\Programs\MiKTeX 2.9\tex/latex/xcolor\xcolor.sty"
Package: xcolor 2016/05/11 v2.12 LaTeX color extensions (UK)

("C:\Users\82104\AppData\Local\Programs\MiKTeX 2.9\tex/latex/graphics-cfg\color
.cfg"
File: color.cfg 2016/01/02 v1.6 sample color configuration
)
Package xcolor Info: Driver file: pdftex.def on input line 225.
Package xcolor Info: Model `cmy' substituted by `cmy0' on input line 1348.
Package xcolor Info: Model `hsb' substituted by `rgb' on input line 1352.
Package xcolor Info: Model `RGB' extended on input line 1364.
Package xcolor Info: Model `HTML' substituted by `rgb' on input line 1366.
Package xcolor Info: Model `Hsb' substituted by `hsb' on input line 1367.
Package xcolor Info: Model `tHsb' substituted by `hsb' on input line 1368.
Package xcolor Info: Model `HSB' substituted by `hsb' on input line 1369.
Package xcolor Info: Model `Gray' substituted by `gray' on input line 1370.
Package xcolor Info: Model `wave' substituted by `hsb' on input line 1371.
)
("C:\Users\82104\AppData\Local\Programs\MiKTeX 2.9\tex/generic/pgf/basiclayer\p
gfcore.code.tex"
Package: pgfcore 2019/12/21 v3.1.5a (3.1.5a)

("C:\Users\82104\AppData\Local\Programs\MiKTeX 2.9\tex/generic/pgf/math\pgfmath
.code.tex"
("C:\Users\82104\AppData\Local\Programs\MiKTeX 2.9\tex/generic/pgf/math\pgfmath
calc.code.tex"
("C:\Users\82104\AppData\Local\Programs\MiKTeX 2.9\tex/generic/pgf/math\pgfmath
util.code.tex")
("C:\Users\82104\AppData\Local\Programs\MiKTeX 2.9\tex/generic/pgf/math\pgfmath
parser.code.tex"
\pgfmath@dimen=\dimen140
\pgfmath@count=\count115
\pgfmath@box=\box37
\pgfmath@toks=\toks23
\pgfmath@stack@operand=\toks24
\pgfmath@stack@operation=\toks25
)
("C:\Users\82104\AppData\Local\Programs\MiKTeX 2.9\tex/generic/pgf/math\pgfmath
functions.code.tex"
("C:\Users\82104\AppData\Local\Programs\MiKTeX 2.9\tex/generic/pgf/math\pgfmath
functions.basic.code.tex")
("C:\Users\82104\AppData\Local\Programs\MiKTeX 2.9\tex/generic/pgf/math\pgfmath
functions.trigonometric.code.tex")
("C:\Users\82104\AppData\Local\Programs\MiKTeX 2.9\tex/generic/pgf/math\pgfmath
functions.random.code.tex")
("C:\Users\82104\AppData\Local\Programs\MiKTeX 2.9\tex/generic/pgf/math\pgfmath
functions.comparison.code.tex")
("C:\Users\82104\AppData\Local\Programs\MiKTeX 2.9\tex/generic/pgf/math\pgfmath
functions.base.code.tex")
("C:\Users\82104\AppData\Local\Programs\MiKTeX 2.9\tex/generic/pgf/math\pgfmath
functions.round.code.tex")
("C:\Users\82104\AppData\Local\Programs\MiKTeX 2.9\tex/generic/pgf/math\pgfmath
functions.misc.code.tex")
("C:\Users\82104\AppData\Local\Programs\MiKTeX 2.9\tex/generic/pgf/math\pgfmath
functions.integerarithmetics.code.tex")))
("C:\Users\82104\AppData\Local\Programs\MiKTeX 2.9\tex/generic/pgf/math\pgfmath
float.code.tex"
\c@pgfmathroundto@lastzeros=\count116
))
("C:\Users\82104\AppData\Local\Programs\MiKTeX 2.9\tex/generic/pgf/math\pgfint.
code.tex")
("C:\Users\82104\AppData\Local\Programs\MiKTeX 2.9\tex/generic/pgf/basiclayer\p
gfcorepoints.code.tex"
File: pgfcorepoints.code.tex 2019/12/21 v3.1.5a (3.1.5a)
\pgf@picminx=\dimen141
\pgf@picmaxx=\dimen142
\pgf@picminy=\dimen143
\pgf@picmaxy=\dimen144
\pgf@pathminx=\dimen145
\pgf@pathmaxx=\dimen146
\pgf@pathminy=\dimen147
\pgf@pathmaxy=\dimen148
\pgf@xx=\dimen149
\pgf@xy=\dimen150
\pgf@yx=\dimen151
\pgf@yy=\dimen152
\pgf@zx=\dimen153
\pgf@zy=\dimen154
)
("C:\Users\82104\AppData\Local\Programs\MiKTeX 2.9\tex/generic/pgf/basiclayer\p
gfcorepathconstruct.code.tex"
File: pgfcorepathconstruct.code.tex 2019/12/21 v3.1.5a (3.1.5a)
\pgf@path@lastx=\dimen155
\pgf@path@lasty=\dimen156
)
("C:\Users\82104\AppData\Local\Programs\MiKTeX 2.9\tex/generic/pgf/basiclayer\p
gfcorepathusage.code.tex"
File: pgfcorepathusage.code.tex 2019/12/21 v3.1.5a (3.1.5a)
\pgf@shorten@end@additional=\dimen157
\pgf@shorten@start@additional=\dimen158
)
("C:\Users\82104\AppData\Local\Programs\MiKTeX 2.9\tex/generic/pgf/basiclayer\p
gfcorescopes.code.tex"
File: pgfcorescopes.code.tex 2019/12/21 v3.1.5a (3.1.5a)
\pgfpic=\box38
\pgf@hbox=\box39
\pgf@layerbox@main=\box40
\pgf@picture@serial@count=\count117
)
("C:\Users\82104\AppData\Local\Programs\MiKTeX 2.9\tex/generic/pgf/basiclayer\p
gfcoregraphicstate.code.tex"
File: pgfcoregraphicstate.code.tex 2019/12/21 v3.1.5a (3.1.5a)
\pgflinewidth=\dimen159
)
("C:\Users\82104\AppData\Local\Programs\MiKTeX 2.9\tex/generic/pgf/basiclayer\p
gfcoretransformations.code.tex"
File: pgfcoretransformations.code.tex 2019/12/21 v3.1.5a (3.1.5a)
\pgf@pt@x=\dimen160
\pgf@pt@y=\dimen161
\pgf@pt@temp=\dimen162
)
("C:\Users\82104\AppData\Local\Programs\MiKTeX 2.9\tex/generic/pgf/basiclayer\p
gfcorequick.code.tex"
File: pgfcorequick.code.tex 2019/12/21 v3.1.5a (3.1.5a)
)
("C:\Users\82104\AppData\Local\Programs\MiKTeX 2.9\tex/generic/pgf/basiclayer\p
gfcoreobjects.code.tex"
File: pgfcoreobjects.code.tex 2019/12/21 v3.1.5a (3.1.5a)
)
("C:\Users\82104\AppData\Local\Programs\MiKTeX 2.9\tex/generic/pgf/basiclayer\p
gfcorepathprocessing.code.tex"
File: pgfcorepathprocessing.code.tex 2019/12/21 v3.1.5a (3.1.5a)
)
("C:\Users\82104\AppData\Local\Programs\MiKTeX 2.9\tex/generic/pgf/basiclayer\p
gfcorearrows.code.tex"
File: pgfcorearrows.code.tex 2019/12/21 v3.1.5a (3.1.5a)
\pgfarrowsep=\dimen163
)
("C:\Users\82104\AppData\Local\Programs\MiKTeX 2.9\tex/generic/pgf/basiclayer\p
gfcoreshade.code.tex"
File: pgfcoreshade.code.tex 2019/12/21 v3.1.5a (3.1.5a)
\pgf@max=\dimen164
\pgf@sys@shading@range@num=\count118
\pgf@shadingcount=\count119
)
("C:\Users\82104\AppData\Local\Programs\MiKTeX 2.9\tex/generic/pgf/basiclayer\p
gfcoreimage.code.tex"
File: pgfcoreimage.code.tex 2019/12/21 v3.1.5a (3.1.5a)

("C:\Users\82104\AppData\Local\Programs\MiKTeX 2.9\tex/generic/pgf/basiclayer\p
gfcoreexternal.code.tex"
File: pgfcoreexternal.code.tex 2019/12/21 v3.1.5a (3.1.5a)
\pgfexternal@startupbox=\box41
))
("C:\Users\82104\AppData\Local\Programs\MiKTeX 2.9\tex/generic/pgf/basiclayer\p
gfcorelayers.code.tex"
File: pgfcorelayers.code.tex 2019/12/21 v3.1.5a (3.1.5a)
)
("C:\Users\82104\AppData\Local\Programs\MiKTeX 2.9\tex/generic/pgf/basiclayer\p
gfcoretransparency.code.tex"
File: pgfcoretransparency.code.tex 2019/12/21 v3.1.5a (3.1.5a)
)
("C:\Users\82104\AppData\Local\Programs\MiKTeX 2.9\tex/generic/pgf/basiclayer\p
gfcorepatterns.code.tex"
File: pgfcorepatterns.code.tex 2019/12/21 v3.1.5a (3.1.5a)
)
("C:\Users\82104\AppData\Local\Programs\MiKTeX 2.9\tex/generic/pgf/basiclayer\p
gfcorerdf.code.tex"
File: pgfcorerdf.code.tex 2019/12/21 v3.1.5a (3.1.5a)
)))
("C:\Users\82104\AppData\Local\Programs\MiKTeX 2.9\tex/latex/pgf/utilities\xxco
lor.sty"
Package: xxcolor 2003/10/24 ver 0.1
\XC@nummixins=\count120
\XC@countmixins=\count121
)
("C:\Users\82104\AppData\Local\Programs\MiKTeX 2.9\tex/generic/oberdiek\atbegsh
i.sty"
Package: atbegshi 2016/06/09 v1.18 At begin shipout hook (HO)

("C:\Users\82104\AppData\Local\Programs\MiKTeX 2.9\tex/generic/oberdiek\infware
rr.sty"
Package: infwarerr 2016/05/16 v1.4 Providing info/warning/error messages (HO)
)
("C:\Users\82104\AppData\Local\Programs\MiKTeX 2.9\tex/generic/oberdiek\ltxcmds
.sty"
Package: ltxcmds 2016/05/16 v1.23 LaTeX kernel commands for general use (HO)
))
("C:\Users\82104\AppData\Local\Programs\MiKTeX 2.9\tex/latex/hyperref\hyperref.
sty"
Package: hyperref 2019/11/10 v7.00c Hypertext links for LaTeX

("C:\Users\82104\AppData\Local\Programs\MiKTeX 2.9\tex/latex/pdftexcmds\pdftexc
mds.sty"
Package: pdftexcmds 2019/11/24 v0.31 Utility functions of pdfTeX for LuaTeX (HO
)
Package pdftexcmds Info: \pdf@primitive is available.
Package pdftexcmds Info: \pdf@ifprimitive is available.
Package pdftexcmds Info: \pdfdraftmode found.
)
("C:\Users\82104\AppData\Local\Programs\MiKTeX 2.9\tex/generic/oberdiek\kvsetke
ys.sty"
Package: kvsetkeys 2016/05/16 v1.17 Key value parser (HO)

("C:\Users\82104\AppData\Local\Programs\MiKTeX 2.9\tex/generic/oberdiek\etexcmd
s.sty"
Package: etexcmds 2016/05/16 v1.6 Avoid name clashes with e-TeX commands (HO)

("C:\Users\82104\AppData\Local\Programs\MiKTeX 2.9\tex/generic/iftex\ifluatex.s
ty"
Package: ifluatex 2019/10/25 v1.5 ifluatex legacy package. Use iftex instead.
)))
("C:\Users\82104\AppData\Local\Programs\MiKTeX 2.9\tex/generic/oberdiek\kvdefin
ekeys.sty"
Package: kvdefinekeys 2016/05/16 v1.4 Define keys (HO)
)
("C:\Users\82104\AppData\Local\Programs\MiKTeX 2.9\tex/generic/oberdiek\pdfesca
pe.sty"
Package: pdfescape 2016/05/16 v1.14 Implements pdfTeX's escape features (HO)
)
("C:\Users\82104\AppData\Local\Programs\MiKTeX 2.9\tex/latex/oberdiek\hycolor.s
ty"
Package: hycolor 2016/05/16 v1.8 Color options for hyperref/bookmark (HO)

("C:\Users\82104\AppData\Local\Programs\MiKTeX 2.9\tex/latex/oberdiek\xcolor-pa
tch.sty"
Package: xcolor-patch 2016/05/16 xcolor patch

("C:\Users\82104\AppData\Local\Programs\MiKTeX 2.9\tex/latex/oberdiek\hopatch.s
ty"
Package: hopatch 2016/05/16 v1.3 Wrapper for package hooks (HO)
)))
("C:\Users\82104\AppData\Local\Programs\MiKTeX 2.9\tex/latex/oberdiek\letltxmac
ro.sty"
Package: letltxmacro 2016/05/16 v1.5 Let assignment for LaTeX macros (HO)
)
("C:\Users\82104\AppData\Local\Programs\MiKTeX 2.9\tex/latex/oberdiek\auxhook.s
ty"
Package: auxhook 2016/05/16 v1.4 Hooks for auxiliary files (HO)
)
("C:\Users\82104\AppData\Local\Programs\MiKTeX 2.9\tex/latex/oberdiek\kvoptions
.sty"
Package: kvoptions 2016/05/16 v3.12 Key value format for package options (HO)
)
\@linkdim=\dimen165
\Hy@linkcounter=\count122
\Hy@pagecounter=\count123

("C:\Users\82104\AppData\Local\Programs\MiKTeX 2.9\tex/latex/hyperref\pd1enc.de
f"
File: pd1enc.def 2019/11/10 v7.00c Hyperref: PDFDocEncoding definition (HO)
Now handling font encoding PD1 ...
... no UTF-8 mapping file for font encoding PD1
)
("C:\Users\82104\AppData\Local\Programs\MiKTeX 2.9\tex/generic/oberdiek\intcalc
.sty"
Package: intcalc 2016/05/16 v1.2 Expandable calculations with integers (HO)
)
\Hy@SavedSpaceFactor=\count124

("C:\Users\82104\AppData\Local\Programs\MiKTeX 2.9\tex/latex/00miktex\hyperref.
cfg"
File: hyperref.cfg 2002/06/06 v1.2 hyperref configuration of TeXLive
)
Package hyperref Info: Option `bookmarks' set `true' on input line 4409.
Package hyperref Info: Option `bookmarksopen' set `true' on input line 4409.
Package hyperref Info: Option `implicit' set `false' on input line 4409.
Package hyperref Info: Hyper figures OFF on input line 4535.
Package hyperref Info: Link nesting OFF on input line 4540.
Package hyperref Info: Hyper index ON on input line 4543.
Package hyperref Info: Plain pages OFF on input line 4550.
Package hyperref Info: Backreferencing OFF on input line 4555.
Package hyperref Info: Implicit mode OFF; no redefinition of LaTeX internals.
Package hyperref Info: Bookmarks ON on input line 4788.
\c@Hy@tempcnt=\count125
 ("C:\Users\82104\AppData\Local\Programs\MiKTeX 2.9\tex/latex/url\url.sty"
\Urlmuskip=\muskip10
Package: url 2013/09/16  ver 3.4  Verb mode for urls, etc.
)
LaTeX Info: Redefining \url on input line 5147.
\XeTeXLinkMargin=\dimen166

("C:\Users\82104\AppData\Local\Programs\MiKTeX 2.9\tex/generic/oberdiek\bitset.
sty"
Package: bitset 2016/05/16 v1.2 Handle bit-vector datatype (HO)

("C:\Users\82104\AppData\Local\Programs\MiKTeX 2.9\tex/generic/oberdiek\bigintc
alc.sty"
Package: bigintcalc 2016/05/16 v1.4 Expandable calculations on big integers (HO
)
))
\Fld@menulength=\count126
\Field@Width=\dimen167
\Fld@charsize=\dimen168
Package hyperref Info: Hyper figures OFF on input line 6418.
Package hyperref Info: Link nesting OFF on input line 6423.
Package hyperref Info: Hyper index ON on input line 6426.
Package hyperref Info: backreferencing OFF on input line 6433.
Package hyperref Info: Link coloring OFF on input line 6438.
Package hyperref Info: Link coloring with OCG OFF on input line 6443.
Package hyperref Info: PDF/A mode OFF on input line 6448.
LaTeX Info: Redefining \ref on input line 6488.
LaTeX Info: Redefining \pageref on input line 6492.
\Hy@abspage=\count127


Package hyperref Message: Stopped early.

)
Package hyperref Info: Driver (autodetected): hpdftex.

("C:\Users\82104\AppData\Local\Programs\MiKTeX 2.9\tex/latex/hyperref\hpdftex.d
ef"
File: hpdftex.def 2019/11/10 v7.00c Hyperref driver for pdfTeX

("C:\Users\82104\AppData\Local\Programs\MiKTeX 2.9\tex/latex/oberdiek\atveryend
.sty"
Package: atveryend 2016/05/16 v1.9 Hooks at the very end of document (HO)
)
\Fld@listcount=\count128
\c@bookmark@seq@number=\count129

("C:\Users\82104\AppData\Local\Programs\MiKTeX 2.9\tex/latex/oberdiek\rerunfile
check.sty"
Package: rerunfilecheck 2016/05/16 v1.8 Rerun checks for auxiliary files (HO)

("C:\Users\82104\AppData\Local\Programs\MiKTeX 2.9\tex/generic/oberdiek\uniquec
ounter.sty"
Package: uniquecounter 2016/05/16 v1.3 Provide unlimited unique counter (HO)
)
Package uniquecounter Info: New unique counter `rerunfilecheck' on input line 2
85.
))
("C:\Users\82104\AppData\Local\Programs\MiKTeX 2.9\tex/latex/beamer\beamerbaser
equires.sty"
("C:\Users\82104\AppData\Local\Programs\MiKTeX 2.9\tex/latex/beamer\beamerbasec
ompatibility.sty")
("C:\Users\82104\AppData\Local\Programs\MiKTeX 2.9\tex/latex/beamer\beamerbasef
ont.sty"
("C:\Users\82104\AppData\Local\Programs\MiKTeX 2.9\tex/latex/amsfonts\amssymb.s
ty"
Package: amssymb 2013/01/14 v3.01 AMS font symbols

("C:\Users\82104\AppData\Local\Programs\MiKTeX 2.9\tex/latex/amsfonts\amsfonts.
sty"
Package: amsfonts 2013/01/14 v3.01 Basic AMSFonts support
\@emptytoks=\toks26
\symAMSa=\mathgroup4
\symAMSb=\mathgroup5
LaTeX Font Info:    Redeclaring math symbol \hbar on input line 98.
LaTeX Font Info:    Overwriting math alphabet `\mathfrak' in version `bold'
(Font)                  U/euf/m/n --> U/euf/b/n on input line 106.
))
("C:\Users\82104\AppData\Local\Programs\MiKTeX 2.9\tex/latex/sansmathaccent\san
smathaccent.sty"
Package: sansmathaccent 2013/03/28

("C:\Users\82104\AppData\Local\Programs\MiKTeX 2.9\tex/latex/filehook\filehook.
sty"
Package: filehook 2019/10/03 v0.6 Hooks for input files
)))
("C:\Users\82104\AppData\Local\Programs\MiKTeX 2.9\tex/latex/beamer\beamerbaset
ranslator.sty"
("C:\Users\82104\AppData\Local\Programs\MiKTeX 2.9\tex/latex/translator\transla
tor.sty"
Package: translator 2019-05-31 v1.12a Easy translation of strings in LaTeX
))
("C:\Users\82104\AppData\Local\Programs\MiKTeX 2.9\tex/latex/beamer\beamerbasem
isc.sty")
("C:\Users\82104\AppData\Local\Programs\MiKTeX 2.9\tex/latex/beamer\beamerbaset
woscreens.sty")
("C:\Users\82104\AppData\Local\Programs\MiKTeX 2.9\tex/latex/beamer\beamerbaseo
verlay.sty"
\beamer@argscount=\count130
\beamer@lastskipcover=\skip44
\beamer@trivlistdepth=\count131
)
("C:\Users\82104\AppData\Local\Programs\MiKTeX 2.9\tex/latex/beamer\beamerbaset
itle.sty")
("C:\Users\82104\AppData\Local\Programs\MiKTeX 2.9\tex/latex/beamer\beamerbases
ection.sty"
\c@lecture=\count132
\c@part=\count133
\c@section=\count134
\c@subsection=\count135
\c@subsubsection=\count136
)
("C:\Users\82104\AppData\Local\Programs\MiKTeX 2.9\tex/latex/beamer\beamerbasef
rame.sty"
\beamer@framebox=\box42
\beamer@frametitlebox=\box43
\beamer@zoombox=\box44
\beamer@zoomcount=\count137
\beamer@zoomframecount=\count138
\beamer@frametextheight=\dimen169
\c@subsectionslide=\count139
\beamer@frametopskip=\skip45
\beamer@framebottomskip=\skip46
\beamer@frametopskipautobreak=\skip47
\beamer@framebottomskipautobreak=\skip48
\beamer@envbody=\toks27
\framewidth=\dimen170
\c@framenumber=\count140
)
("C:\Users\82104\AppData\Local\Programs\MiKTeX 2.9\tex/latex/beamer\beamerbasev
erbatim.sty"
\beamer@verbatimfileout=\write4
)
("C:\Users\82104\AppData\Local\Programs\MiKTeX 2.9\tex/latex/beamer\beamerbasef
ramesize.sty"
\beamer@splitbox=\box45
\beamer@autobreakcount=\count141
\beamer@autobreaklastheight=\dimen171
\beamer@frametitletoks=\toks28
\beamer@framesubtitletoks=\toks29
)
("C:\Users\82104\AppData\Local\Programs\MiKTeX 2.9\tex/latex/beamer\beamerbasef
ramecomponents.sty"
\beamer@footins=\box46
)
("C:\Users\82104\AppData\Local\Programs\MiKTeX 2.9\tex/latex/beamer\beamerbasec
olor.sty")
("C:\Users\82104\AppData\Local\Programs\MiKTeX 2.9\tex/latex/beamer\beamerbasen
otes.sty"
\beamer@frameboxcopy=\box47
)
("C:\Users\82104\AppData\Local\Programs\MiKTeX 2.9\tex/latex/beamer\beamerbaset
oc.sty")
("C:\Users\82104\AppData\Local\Programs\MiKTeX 2.9\tex/latex/beamer\beamerbaset
emplates.sty"
\beamer@sbttoks=\toks30

("C:\Users\82104\AppData\Local\Programs\MiKTeX 2.9\tex/latex/beamer\beamerbasea
uxtemplates.sty"
("C:\Users\82104\AppData\Local\Programs\MiKTeX 2.9\tex/latex/beamer\beamerbaseb
oxes.sty"
\bmb@box=\box48
\bmb@colorbox=\box49
\bmb@boxshadow=\box50
\bmb@boxshadowball=\box51
\bmb@boxshadowballlarge=\box52
\bmb@temp=\dimen172
\bmb@dima=\dimen173
\bmb@dimb=\dimen174
\bmb@prevheight=\dimen175
)
\beamer@blockheadheight=\dimen176
))
("C:\Users\82104\AppData\Local\Programs\MiKTeX 2.9\tex/latex/beamer\beamerbasel
ocalstructure.sty"
("C:\Users\82104\AppData\Local\Programs\MiKTeX 2.9\tex/latex/tools\enumerate.st
y"
Package: enumerate 2015/07/23 v3.00 enumerate extensions (DPC)
\@enLab=\toks31
)
\c@figure=\count142
\c@table=\count143
\abovecaptionskip=\skip49
\belowcaptionskip=\skip50
)
("C:\Users\82104\AppData\Local\Programs\MiKTeX 2.9\tex/latex/beamer\beamerbasen
avigation.sty"
\beamer@section@min@dim=\dimen177
)
("C:\Users\82104\AppData\Local\Programs\MiKTeX 2.9\tex/latex/beamer\beamerbaset
heorems.sty"
("C:\Users\82104\AppData\Local\Programs\MiKTeX 2.9\tex/latex/amsmath\amsmath.st
y"
Package: amsmath 2019/11/16 v2.17d AMS math features
\@mathmargin=\skip51

For additional information on amsmath, use the `?' option.

("C:\Users\82104\AppData\Local\Programs\MiKTeX 2.9\tex/latex/amsmath\amstext.st
y"
Package: amstext 2000/06/29 v2.01 AMS text

("C:\Users\82104\AppData\Local\Programs\MiKTeX 2.9\tex/latex/amsmath\amsgen.sty
"
File: amsgen.sty 1999/11/30 v2.0 generic functions
\@emptytoks=\toks32
\ex@=\dimen178
))
("C:\Users\82104\AppData\Local\Programs\MiKTeX 2.9\tex/latex/amsmath\amsbsy.sty
"
Package: amsbsy 1999/11/29 v1.2d Bold Symbols
\pmbraise@=\dimen179
)
("C:\Users\82104\AppData\Local\Programs\MiKTeX 2.9\tex/latex/amsmath\amsopn.sty
"
Package: amsopn 2016/03/08 v2.02 operator names
)
\inf@bad=\count144
LaTeX Info: Redefining \frac on input line 227.
\uproot@=\count145
\leftroot@=\count146
LaTeX Info: Redefining \overline on input line 389.
\classnum@=\count147
\DOTSCASE@=\count148
LaTeX Info: Redefining \ldots on input line 486.
LaTeX Info: Redefining \dots on input line 489.
LaTeX Info: Redefining \cdots on input line 610.
\Mathstrutbox@=\box53
\strutbox@=\box54
\big@size=\dimen180
LaTeX Font Info:    Redeclaring font encoding OML on input line 733.
LaTeX Font Info:    Redeclaring font encoding OMS on input line 734.
\macc@depth=\count149
\c@MaxMatrixCols=\count150
\dotsspace@=\muskip11
\c@parentequation=\count151
\dspbrk@lvl=\count152
\tag@help=\toks33
\row@=\count153
\column@=\count154
\maxfields@=\count155
\andhelp@=\toks34
\eqnshift@=\dimen181
\alignsep@=\dimen182
\tagshift@=\dimen183
\tagwidth@=\dimen184
\totwidth@=\dimen185
\lineht@=\dimen186
\@envbody=\toks35
\multlinegap=\skip52
\multlinetaggap=\skip53
\mathdisplay@stack=\toks36
LaTeX Info: Redefining \[ on input line 2858.
LaTeX Info: Redefining \] on input line 2859.
)
("C:\Users\82104\AppData\Local\Programs\MiKTeX 2.9\tex/latex/amscls\amsthm.sty"
Package: amsthm 2017/10/31 v2.20.4
\thm@style=\toks37
\thm@bodyfont=\toks38
\thm@headfont=\toks39
\thm@notefont=\toks40
\thm@headpunct=\toks41
\thm@preskip=\skip54
\thm@postskip=\skip55
\thm@headsep=\skip56
\dth@everypar=\toks42
)
\c@theorem=\count156
)
("C:\Users\82104\AppData\Local\Programs\MiKTeX 2.9\tex/latex/beamer\beamerbaset
hemes.sty"))
("C:\Users\82104\AppData\Local\Programs\MiKTeX 2.9\tex/latex/beamer\beamertheme
default.sty"
("C:\Users\82104\AppData\Local\Programs\MiKTeX 2.9\tex/latex/beamer\beamerfontt
hemedefault.sty")
("C:\Users\82104\AppData\Local\Programs\MiKTeX 2.9\tex/latex/beamer\beamercolor
themedefault.sty")
("C:\Users\82104\AppData\Local\Programs\MiKTeX 2.9\tex/latex/beamer\beamerinner
themedefault.sty"
\beamer@dima=\dimen187
\beamer@dimb=\dimen188
)
("C:\Users\82104\AppData\Local\Programs\MiKTeX 2.9\tex/latex/beamer\beamerouter
themedefault.sty")))
("C:\Users\82104\AppData\Local\Programs\MiKTeX 2.9\tex/latex/beamer\beamertheme
Madrid.sty"
("C:\Users\82104\AppData\Local\Programs\MiKTeX 2.9\tex/latex/beamer\beamercolor
themewhale.sty")
("C:\Users\82104\AppData\Local\Programs\MiKTeX 2.9\tex/latex/beamer\beamercolor
themeorchid.sty")
("C:\Users\82104\AppData\Local\Programs\MiKTeX 2.9\tex/latex/beamer\beamerinner
themerounded.sty")
("C:\Users\82104\AppData\Local\Programs\MiKTeX 2.9\tex/latex/beamer\beamerouter
themeinfolines.sty"))
("C:\Users\82104\AppData\Local\Programs\MiKTeX 2.9\tex/latex/natbib\natbib.sty"
Package: natbib 2010/09/13 8.31b (PWD, AO)
\bibhang=\skip57
\bibsep=\skip58
LaTeX Info: Redefining \cite on input line 694.
\c@NAT@ctr=\count157
)
("C:\Users\82104\AppData\Local\Programs\MiKTeX 2.9\tex/latex/caption\caption.st
y"
Package: caption 2020/01/03 v3.4h Customizing captions (AR)

("C:\Users\82104\AppData\Local\Programs\MiKTeX 2.9\tex/latex/caption\caption3.s
ty"
Package: caption3 2020/01/03 v1.8h caption3 kernel (AR)
Package caption3 Info: TeX engine: e-TeX on input line 61.
\captionmargin=\dimen189
\captionmargin@=\dimen190
\captionwidth=\dimen191
\caption@tempdima=\dimen192
\caption@indent=\dimen193
\caption@parindent=\dimen194
\caption@hangindent=\dimen195
Package caption Info: beamer document class detected.
)
\c@caption@flags=\count158
\c@continuedfloat=\count159
Package caption Info: beamer document class.
Package caption Info: hyperref package is loaded.
Package caption Info: Hyperref support is turned off
(caption)             because hyperref has stopped early.
) (ulem.sty
\UL@box=\box55
\UL@hyphenbox=\box56
\UL@skip=\skip59
\UL@hook=\toks43
\UL@height=\dimen196
\UL@pe=\count160
\UL@pixel=\dimen197
\ULC@box=\box57
Package: ulem 2019/11/18
\ULdepth=\dimen198
)
("C:\Users\82104\AppData\Local\Programs\MiKTeX 2.9\tex/latex/caption\subcaption
.sty"
Package: subcaption 2020/01/03 v1.3b Sub-captions (AR)
\c@subfigure=\count161
\c@subtable=\count162
)
("C:\Users\82104\AppData\Local\Programs\MiKTeX 2.9\tex/latex/booktabs\booktabs.
sty"
Package: booktabs 2019/10/08 v1.6180339 publication quality tables
\heavyrulewidth=\dimen199
\lightrulewidth=\dimen256
\cmidrulewidth=\dimen257
\belowrulesep=\dimen258
\belowbottomsep=\dimen259
\aboverulesep=\dimen260
\abovetopsep=\dimen261
\cmidrulesep=\dimen262
\cmidrulekern=\dimen263
\defaultaddspace=\dimen264
\@cmidla=\count163
\@cmidlb=\count164
\@aboverulesep=\dimen265
\@belowrulesep=\dimen266
\@thisruleclass=\count165
\@lastruleclass=\count166
\@thisrulewidth=\dimen267
)
("C:\Users\82104\AppData\Local\Programs\MiKTeX 2.9\tex/latex/tkz-graph\tkz-grap
h.sty"
Package: tkz-graph 2018/09/19 ctan v 1.00 d base for graphs

("C:\Users\82104\AppData\Local\Programs\MiKTeX 2.9\tex/latex/base\ifthen.sty"
Package: ifthen 2014/09/29 v1.1c Standard LaTeX ifthen package (DPC)
)
("C:\Users\82104\AppData\Local\Programs\MiKTeX 2.9\tex/latex/xkeyval\xkeyval.st
y"
Package: xkeyval 2014/12/03 v2.7a package option processing (HA)

("C:\Users\82104\AppData\Local\Programs\MiKTeX 2.9\tex/generic/xkeyval\xkeyval.
tex"
("C:\Users\82104\AppData\Local\Programs\MiKTeX 2.9\tex/generic/xkeyval\xkvutils
.tex"
\XKV@toks=\toks44
\XKV@tempa@toks=\toks45
)
\XKV@depth=\count167
File: xkeyval.tex 2014/12/03 v2.7a key=value parser (HA)
))
("C:\Users\82104\AppData\Local\Programs\MiKTeX 2.9\tex/latex/pgf/frontendlayer\
tikz.sty"
("C:\Users\82104\AppData\Local\Programs\MiKTeX 2.9\tex/latex/pgf/basiclayer\pgf
.sty"
Package: pgf 2019/12/21 v3.1.5a (3.1.5a)

("C:\Users\82104\AppData\Local\Programs\MiKTeX 2.9\tex/generic/pgf/modules\pgfm
oduleshapes.code.tex"
File: pgfmoduleshapes.code.tex 2019/12/21 v3.1.5a (3.1.5a)
\pgfnodeparttextbox=\box58
)
("C:\Users\82104\AppData\Local\Programs\MiKTeX 2.9\tex/generic/pgf/modules\pgfm
oduleplot.code.tex"
File: pgfmoduleplot.code.tex 2019/12/21 v3.1.5a (3.1.5a)
)
("C:\Users\82104\AppData\Local\Programs\MiKTeX 2.9\tex/latex/pgf/compatibility\
pgfcomp-version-0-65.sty"
Package: pgfcomp-version-0-65 2019/12/21 v3.1.5a (3.1.5a)
\pgf@nodesepstart=\dimen268
\pgf@nodesepend=\dimen269
)
("C:\Users\82104\AppData\Local\Programs\MiKTeX 2.9\tex/latex/pgf/compatibility\
pgfcomp-version-1-18.sty"
Package: pgfcomp-version-1-18 2019/12/21 v3.1.5a (3.1.5a)
))
("C:\Users\82104\AppData\Local\Programs\MiKTeX 2.9\tex/latex/pgf/utilities\pgff
or.sty"
("C:\Users\82104\AppData\Local\Programs\MiKTeX 2.9\tex/latex/pgf/utilities\pgfk
eys.sty"
("C:\Users\82104\AppData\Local\Programs\MiKTeX 2.9\tex/generic/pgf/utilities\pg
fkeys.code.tex"))
("C:\Users\82104\AppData\Local\Programs\MiKTeX 2.9\tex/latex/pgf/math\pgfmath.s
ty"
("C:\Users\82104\AppData\Local\Programs\MiKTeX 2.9\tex/generic/pgf/math\pgfmath
.code.tex"))
("C:\Users\82104\AppData\Local\Programs\MiKTeX 2.9\tex/generic/pgf/utilities\pg
ffor.code.tex"
Package: pgffor 2019/12/21 v3.1.5a (3.1.5a)

("C:\Users\82104\AppData\Local\Programs\MiKTeX 2.9\tex/generic/pgf/math\pgfmath
.code.tex")
\pgffor@iter=\dimen270
\pgffor@skip=\dimen271
\pgffor@stack=\toks46
\pgffor@toks=\toks47
))
("C:\Users\82104\AppData\Local\Programs\MiKTeX 2.9\tex/generic/pgf/frontendlaye
r/tikz\tikz.code.tex"
Package: tikz 2019/12/21 v3.1.5a (3.1.5a)

("C:\Users\82104\AppData\Local\Programs\MiKTeX 2.9\tex/generic/pgf/libraries\pg
flibraryplothandlers.code.tex"
File: pgflibraryplothandlers.code.tex 2019/12/21 v3.1.5a (3.1.5a)
\pgf@plot@mark@count=\count168
\pgfplotmarksize=\dimen272
)
\tikz@lastx=\dimen273
\tikz@lasty=\dimen274
\tikz@lastxsaved=\dimen275
\tikz@lastysaved=\dimen276
\tikz@lastmovetox=\dimen277
\tikz@lastmovetoy=\dimen278
\tikzleveldistance=\dimen279
\tikzsiblingdistance=\dimen280
\tikz@figbox=\box59
\tikz@figbox@bg=\box60
\tikz@tempbox=\box61
\tikz@tempbox@bg=\box62
\tikztreelevel=\count169
\tikznumberofchildren=\count170
\tikznumberofcurrentchild=\count171
\tikz@fig@count=\count172

("C:\Users\82104\AppData\Local\Programs\MiKTeX 2.9\tex/generic/pgf/modules\pgfm
odulematrix.code.tex"
File: pgfmodulematrix.code.tex 2019/12/21 v3.1.5a (3.1.5a)
\pgfmatrixcurrentrow=\count173
\pgfmatrixcurrentcolumn=\count174
\pgf@matrix@numberofcolumns=\count175
)
\tikz@expandcount=\count176

("C:\Users\82104\AppData\Local\Programs\MiKTeX 2.9\tex/generic/pgf/frontendlaye
r/tikz/libraries\tikzlibrarytopaths.code.tex"
File: tikzlibrarytopaths.code.tex 2019/12/21 v3.1.5a (3.1.5a)
)))
("C:\Users\82104\AppData\Local\Programs\MiKTeX 2.9\tex/generic/pgf/frontendlaye
r/tikz/libraries\tikzlibraryarrows.code.tex"
File: tikzlibraryarrows.code.tex 2019/12/21 v3.1.5a (3.1.5a)

("C:\Users\82104\AppData\Local\Programs\MiKTeX 2.9\tex/generic/pgf/libraries\pg
flibraryarrows.code.tex"
File: pgflibraryarrows.code.tex 2019/12/21 v3.1.5a (3.1.5a)
\arrowsize=\dimen281
))
\c@tkz@gr@a=\count177
\c@tkz@gr@b=\count178
\c@tkz@gr@c=\count179
\c@tkz@gr@e=\count180
\c@tkz@gr@d=\count181
\c@tkz@gr@p=\count182
\c@tkz@gr@i=\count183
\c@tkz@gr@n=\count184
\c@tkz@gr@ta=\count185
\c@tkz@gr@tb=\count186
) ("2020_04_10 07.aux")
\openout1 = `"2020_04_10 07.aux"'.

LaTeX Font Info:    Checking defaults for OML/cmm/m/it on input line 110.
LaTeX Font Info:    ... okay on input line 110.
LaTeX Font Info:    Checking defaults for T1/cmr/m/n on input line 110.
LaTeX Font Info:    ... okay on input line 110.
LaTeX Font Info:    Checking defaults for OT1/cmr/m/n on input line 110.
LaTeX Font Info:    ... okay on input line 110.
LaTeX Font Info:    Checking defaults for OMS/cmsy/m/n on input line 110.
LaTeX Font Info:    ... okay on input line 110.
LaTeX Font Info:    Checking defaults for OMX/cmex/m/n on input line 110.
LaTeX Font Info:    ... okay on input line 110.
LaTeX Font Info:    Checking defaults for U/cmr/m/n on input line 110.
LaTeX Font Info:    ... okay on input line 110.
LaTeX Font Info:    Checking defaults for PD1/pdf/m/n on input line 110.
LaTeX Font Info:    ... okay on input line 110.

*geometry* driver: auto-detecting
*geometry* detected driver: pdftex
*geometry* verbose mode - [ preamble ] result:
* driver: pdftex
* paper: custom
* layout: <same size as paper>
* layoutoffset:(h,v)=(0.0pt,0.0pt)
* modes: includehead includefoot 
* h-part:(L,W,R)=(10.95003pt, 342.2953pt, 10.95003pt)
* v-part:(T,H,B)=(0.0pt, 273.14662pt, 0.0pt)
* \paperwidth=364.19536pt
* \paperheight=273.14662pt
* \textwidth=342.2953pt
* \textheight=244.6939pt
* \oddsidemargin=-61.31996pt
* \evensidemargin=-61.31996pt
* \topmargin=-72.26999pt
* \headheight=14.22636pt
* \headsep=0.0pt
* \topskip=11.0pt
* \footskip=14.22636pt
* \marginparwidth=4.0pt
* \marginparsep=10.0pt
* \columnsep=10.0pt
* \skip\footins=10.0pt plus 4.0pt minus 2.0pt
* \hoffset=0.0pt
* \voffset=0.0pt
* \mag=1000
* \@twocolumnfalse
* \@twosidefalse
* \@mparswitchfalse
* \@reversemarginfalse
* (1in=72.27pt=25.4mm, 1cm=28.453pt)


("C:\Users\82104\AppData\Local\Programs\MiKTeX 2.9\tex/context/base/mkii\supp-p
df.mkii"
[Loading MPS to PDF converter (version 2006.09.02).]
\scratchcounter=\count187
\scratchdimen=\dimen282
\scratchbox=\box63
\nofMPsegments=\count188
\nofMParguments=\count189
\everyMPshowfont=\toks48
\MPscratchCnt=\count190
\MPscratchDim=\dimen283
\MPnumerator=\count191
\makeMPintoPDFobject=\count192
\everyMPtoPDFconversion=\toks49
)
("C:\Users\82104\AppData\Local\Programs\MiKTeX 2.9\tex/latex/epstopdf-pkg\epsto
pdf-base.sty"
Package: epstopdf-base 2019/11/24 v2.7 Base part for package epstopdf

("C:\Users\82104\AppData\Local\Programs\MiKTeX 2.9\tex/latex/oberdiek\grfext.st
y"
Package: grfext 2016/05/16 v1.2 Manage graphics extensions (HO)
)
Package epstopdf-base Info: Redefining graphics rule for `.eps' on input line 4
42.
Package grfext Info: Graphics extension search list:
(grfext)             [.pdf,.png,.jpg,.mps,.jpeg,.jbig2,.jb2,.PDF,.PNG,.JPG,.JPE
G,.JBIG2,.JB2,.eps]
(grfext)             \AppendGraphicsExtensions on input line 460.
) ABD: EveryShipout initializing macros
\AtBeginShipoutBox=\box64
Package hyperref Info: Link coloring OFF on input line 110.

("C:\Users\82104\AppData\Local\Programs\MiKTeX 2.9\tex/latex/hyperref\nameref.s
ty"
Package: nameref 2019/09/16 v2.46 Cross-referencing by name of section

("C:\Users\82104\AppData\Local\Programs\MiKTeX 2.9\tex/latex/oberdiek\refcount.
sty"
Package: refcount 2016/05/16 v3.5 Data extraction from label references (HO)
)
("C:\Users\82104\AppData\Local\Programs\MiKTeX 2.9\tex/generic/oberdiek\gettitl
estring.sty"
Package: gettitlestring 2016/05/16 v1.5 Cleanup title references (HO)
)
\c@section@level=\count193
)
LaTeX Info: Redefining \ref on input line 110.
LaTeX Info: Redefining \pageref on input line 110.
LaTeX Info: Redefining \nameref on input line 110.
 ("2020_04_10 07.out") ("2020_04_10 07.out")
\@outlinefile=\write5
\openout5 = `"2020_04_10 07.out"'.

LaTeX Font Info:    Overwriting symbol font `operators' in version `normal'
(Font)                  OT1/cmr/m/n --> OT1/cmss/m/n on input line 110.
LaTeX Font Info:    Overwriting symbol font `operators' in version `bold'
(Font)                  OT1/cmr/bx/n --> OT1/cmss/bx/n on input line 110.
\symnumbers=\mathgroup6
\sympureletters=\mathgroup7
LaTeX Font Info:    Overwriting math alphabet `\mathrm' in version `normal'
(Font)                  OT1/cmss/m/n --> OT1/cmr/m/n on input line 110.
LaTeX Font Info:    Redeclaring math alphabet \mathbf on input line 110.
LaTeX Font Info:    Overwriting math alphabet `\mathbf' in version `normal'
(Font)                  OT1/cmr/bx/n --> OT1/cmss/bx/n on input line 110.
LaTeX Font Info:    Overwriting math alphabet `\mathbf' in version `bold'
(Font)                  OT1/cmr/bx/n --> OT1/cmss/bx/n on input line 110.
LaTeX Font Info:    Redeclaring math alphabet \mathsf on input line 110.
LaTeX Font Info:    Overwriting math alphabet `\mathsf' in version `normal'
(Font)                  OT1/cmss/m/n --> OT1/cmss/m/n on input line 110.
LaTeX Font Info:    Overwriting math alphabet `\mathsf' in version `bold'
(Font)                  OT1/cmss/bx/n --> OT1/cmss/m/n on input line 110.
LaTeX Font Info:    Redeclaring math alphabet \mathit on input line 110.
LaTeX Font Info:    Overwriting math alphabet `\mathit' in version `normal'
(Font)                  OT1/cmr/m/it --> OT1/cmss/m/it on input line 110.
LaTeX Font Info:    Overwriting math alphabet `\mathit' in version `bold'
(Font)                  OT1/cmr/bx/it --> OT1/cmss/m/it on input line 110.
LaTeX Font Info:    Redeclaring math alphabet \mathtt on input line 110.
LaTeX Font Info:    Overwriting math alphabet `\mathtt' in version `normal'
(Font)                  OT1/cmtt/m/n --> OT1/cmtt/m/n on input line 110.
LaTeX Font Info:    Overwriting math alphabet `\mathtt' in version `bold'
(Font)                  OT1/cmtt/m/n --> OT1/cmtt/m/n on input line 110.
LaTeX Font Info:    Overwriting symbol font `numbers' in version `bold'
(Font)                  OT1/cmss/m/n --> OT1/cmss/bx/n on input line 110.
LaTeX Font Info:    Overwriting symbol font `pureletters' in version `bold'
(Font)                  OT1/cmss/m/it --> OT1/cmss/bx/it on input line 110.
LaTeX Font Info:    Overwriting math alphabet `\mathrm' in version `bold'
(Font)                  OT1/cmss/bx/n --> OT1/cmr/bx/n on input line 110.
LaTeX Font Info:    Overwriting math alphabet `\mathbf' in version `bold'
(Font)                  OT1/cmss/bx/n --> OT1/cmss/bx/n on input line 110.
LaTeX Font Info:    Overwriting math alphabet `\mathsf' in version `bold'
(Font)                  OT1/cmss/m/n --> OT1/cmss/bx/n on input line 110.
LaTeX Font Info:    Overwriting math alphabet `\mathit' in version `bold'
(Font)                  OT1/cmss/m/it --> OT1/cmss/bx/it on input line 110.
LaTeX Font Info:    Overwriting math alphabet `\mathtt' in version `bold'
(Font)                  OT1/cmtt/m/n --> OT1/cmtt/bx/n on input line 110.
LaTeX Font Info:    Redeclaring symbol font `pureletters' on input line 110.
LaTeX Font Info:    Overwriting symbol font `pureletters' in version `normal'
(Font)                  OT1/cmss/m/it --> OT1/mathkerncmss/m/sl on input line 1
10.
LaTeX Font Info:    Overwriting symbol font `pureletters' in version `bold'
(Font)                  OT1/cmss/bx/it --> OT1/mathkerncmss/m/sl on input line 
110.
LaTeX Font Info:    Overwriting symbol font `pureletters' in version `bold'
(Font)                  OT1/mathkerncmss/m/sl --> OT1/mathkerncmss/bx/sl on inp
ut line 110.

("C:\Users\82104\AppData\Local\Programs\MiKTeX 2.9\tex/latex/translator\transla
tor-basic-dictionary-English.dict"
Dictionary: translator-basic-dictionary, Language: English 
)
("C:\Users\82104\AppData\Local\Programs\MiKTeX 2.9\tex/latex/translator\transla
tor-bibliography-dictionary-English.dict"
Dictionary: translator-bibliography-dictionary, Language: English 
)
("C:\Users\82104\AppData\Local\Programs\MiKTeX 2.9\tex/latex/translator\transla
tor-environment-dictionary-English.dict"
Dictionary: translator-environment-dictionary, Language: English 
)
("C:\Users\82104\AppData\Local\Programs\MiKTeX 2.9\tex/latex/translator\transla
tor-months-dictionary-English.dict"
Dictionary: translator-months-dictionary, Language: English 
)
("C:\Users\82104\AppData\Local\Programs\MiKTeX 2.9\tex/latex/translator\transla
tor-numbers-dictionary-English.dict"
Dictionary: translator-numbers-dictionary, Language: English 
)
("C:\Users\82104\AppData\Local\Programs\MiKTeX 2.9\tex/latex/translator\transla
tor-theorem-dictionary-English.dict"
Dictionary: translator-theorem-dictionary, Language: English 
)
Package caption Info: Begin \AtBeginDocument code.
Package caption Info: End \AtBeginDocument code.
 ("2020_04_10 07.nav") [1

{C:/Users/82104/AppData/Local/MiKTeX/2.9/pdftex/config/pdftex.map}] ("2020_04_1
0 07.toc")
[2

] [3

]
<./img/./etc/googlenet.PNG, id=74, 616.704pt x 263.18324pt>
File: ./img/./etc/googlenet.PNG Graphic file (type png)
<use ./img/./etc/googlenet.PNG>
Package pdftex.def Info: ./img/./etc/googlenet.PNG  used on input line 148.
(pdftex.def)             Requested size: 160.8792pt x 68.65492pt.
<./img/./etc/inception_module.PNG, id=76, 638.98724pt x 390.258pt>
File: ./img/./etc/inception_module.PNG Graphic file (type png)
<use ./img/./etc/inception_module.PNG>
Package pdftex.def Info: ./img/./etc/inception_module.PNG  used on input line 1
48.
(pdftex.def)             Requested size: 160.8792pt x 98.25502pt.
 [4

 <./img/./etc/googlenet.PNG> <./img/./etc/inception_module.PNG>]
<./img/./v2_v3/inception_v2.PNG, id=86, 719.0865pt x 231.264pt>
File: ./img/./v2_v3/inception_v2.PNG Graphic file (type png)
<use ./img/./v2_v3/inception_v2.PNG>
Package pdftex.def Info: ./img/./v2_v3/inception_v2.PNG  used on input line 164
.
(pdftex.def)             Requested size: 323.58594pt x 104.06783pt.

[5

 <./img/./v2_v3/inception_v2.PNG>]
LaTeX Font Info:    Trying to load font information for U+msa on input line 178
.

("C:\Users\82104\AppData\Local\Programs\MiKTeX 2.9\tex/latex/amsfonts\umsa.fd"
File: umsa.fd 2013/01/14 v3.01 AMS symbols A
)
LaTeX Font Info:    Trying to load font information for U+msb on input line 178
.
("C:\Users\82104\AppData\Local\Programs\MiKTeX 2.9\tex/latex/amsfonts\umsb.fd"
File: umsb.fd 2013/01/14 v3.01 AMS symbols B
)
LaTeX Font Info:    Trying to load font information for OT1+mathkerncmss on inp
ut line 178.

("C:\Users\82104\AppData\Local\Programs\MiKTeX 2.9\tex/latex/sansmathaccent\ot1
mathkerncmss.fd"
File: ot1mathkerncmss.fd 2013/03/27 Fontinst v1.933 font definitions for OT1/ma
thkerncmss.
) [6

]
<./img/./v2_v3/v2_ori.PNG, id=106, 263.7855pt x 201.1515pt>
File: ./img/./v2_v3/v2_ori.PNG Graphic file (type png)
<use ./img/./v2_v3/v2_ori.PNG>
Package pdftex.def Info: ./img/./v2_v3/v2_ori.PNG  used on input line 196.
(pdftex.def)             Requested size: 154.03183pt x 117.45676pt.
<./img/./v2_v3/v2_factor.PNG, id=107, 233.673pt x 212.59425pt>
File: ./img/./v2_v3/v2_factor.PNG Graphic file (type png)
<use ./img/./v2_v3/v2_factor.PNG>
Package pdftex.def Info: ./img/./v2_v3/v2_factor.PNG  used on input line 196.
(pdftex.def)             Requested size: 154.03183pt x 140.13745pt.
 [7

 <./img/./v2_v3/v2_ori.PNG> <./img/./v2_v3/v2_factor.PNG>]
<./img/./v2_v3/asym_conv.PNG, id=117, 124.66576pt x 151.767pt>
File: ./img/./v2_v3/asym_conv.PNG Graphic file (type png)
<use ./img/./v2_v3/asym_conv.PNG>
Package pdftex.def Info: ./img/./v2_v3/asym_conv.PNG  used on input line 210.
(pdftex.def)             Requested size: 93.49907pt x 113.82495pt.
 [8

 <./img/./v2_v3/asym_conv.PNG>]
<./img/./v2_v3/conv_pool.PNG, id=124, 141.52875pt x 160.80075pt>
File: ./img/./v2_v3/conv_pool.PNG Graphic file (type png)
<use ./img/./v2_v3/conv_pool.PNG>
Package pdftex.def Info: ./img/./v2_v3/conv_pool.PNG  used on input line 233.
(pdftex.def)             Requested size: 78.72646pt x 89.44911pt.
<./img/./v2_v3/pool_conv.PNG, id=125, 152.9715pt x 162.6075pt>
File: ./img/./v2_v3/pool_conv.PNG Graphic file (type png)
<use ./img/./v2_v3/pool_conv.PNG>
Package pdftex.def Info: ./img/./v2_v3/pool_conv.PNG  used on input line 233.
(pdftex.def)             Requested size: 85.57382pt x 90.96529pt.

Overfull \hbox (21.90005pt too wide) in paragraph at lines 233--233
[] [] 
 []


Overfull \vbox (11.22807pt too high) detected at line 233
 []

[9

 <./img/./v2_v3/conv_pool.PNG> <./img/./v2_v3/pool_conv.PNG>]
<./img/./v2_v3/red_sol1.PNG, id=138, 194.52675pt x 130.086pt>
File: ./img/./v2_v3/red_sol1.PNG Graphic file (type png)
<use ./img/./v2_v3/red_sol1.PNG>
Package pdftex.def Info: ./img/./v2_v3/red_sol1.PNG  used on input line 253.
(pdftex.def)             Requested size: 136.91603pt x 91.56374pt.
<./img/./v2_v3/red_sol2.PNG, id=139, 202.356pt x 227.6505pt>
File: ./img/./v2_v3/red_sol2.PNG Graphic file (type png)
<use ./img/./v2_v3/red_sol2.PNG>
Package pdftex.def Info: ./img/./v2_v3/red_sol2.PNG  used on input line 253.
(pdftex.def)             Requested size: 102.68962pt x 115.52705pt.

Overfull \hbox (21.90005pt too wide) in paragraph at lines 253--253
[] [] 
 []


Overfull \vbox (1.42735pt too high) detected at line 253
 []

[10

 <./img/./v2_v3/red_sol1.PNG> <./img/./v2_v3/red_sol2.PNG>]
<./img/./v2_v3/v2_summary.PNG, id=148, 268.00125pt x 231.264pt>
File: ./img/./v2_v3/v2_summary.PNG Graphic file (type png)
<use ./img/./v2_v3/v2_summary.PNG>
Package pdftex.def Info: ./img/./v2_v3/v2_summary.PNG  used on input line 268.
(pdftex.def)             Requested size: 168.84166pt x 145.69708pt.

Overfull \hbox (21.90005pt too wide) in paragraph at lines 268--268
[] [] 
 []

[11

 <./img/./v2_v3/v2_summary.PNG>]
<./img/./v2_v3/v2_a.PNG, id=157, 177.0615pt x 252.945pt>
File: ./img/./v2_v3/v2_a.PNG Graphic file (type png)
<use ./img/./v2_v3/v2_a.PNG>
Package pdftex.def Info: ./img/./v2_v3/v2_a.PNG  used on input line 289.
(pdftex.def)             Requested size: 82.15274pt x 117.36346pt.
<./img/./v2_v3/v2_b.PNG, id=158, 171.039pt x 293.29575pt>
File: ./img/./v2_v3/v2_b.PNG Graphic file (type png)
<use ./img/./v2_v3/v2_b.PNG>
Package pdftex.def Info: ./img/./v2_v3/v2_b.PNG  used on input line 289.
(pdftex.def)             Requested size: 82.15274pt x 140.8788pt.
<./img/./v2_v3/v2_c.PNG, id=159, 188.50426pt x 272.217pt>
File: ./img/./v2_v3/v2_c.PNG Graphic file (type png)
<use ./img/./v2_v3/v2_c.PNG>
Package pdftex.def Info: ./img/./v2_v3/v2_c.PNG  used on input line 289.
(pdftex.def)             Requested size: 109.537pt x 158.18086pt.

Overfull \hbox (21.90005pt too wide) in paragraph at lines 289--289
[] [] 
 []

[12

 <./img/./v2_v3/v2_a.PNG> <./img/./v2_v3/v2_b.PNG> <./img/./v2_v3/v2_c.PNG>] [1
3

] [14

]
<./img/./v4/inception_v4.PNG, id=182, 177.0615pt x 461.3235pt>
File: ./img/./v4/inception_v4.PNG Graphic file (type png)
<use ./img/./v4/inception_v4.PNG>
Package pdftex.def Info: ./img/./v4/inception_v4.PNG  used on input line 329.
(pdftex.def)             Requested size: 65.5117pt x 170.68701pt.

Overfull \vbox (12.27898pt too high) detected at line 329
 []

[15

 <./img/./v4/inception_v4.PNG>] [16

]
<./img/./v4/stem.PNG, id=195, 181.27725pt x 459.51675pt>
File: ./img/./v4/stem.PNG Graphic file (type png)
<use ./img/./v4/stem.PNG>
Package pdftex.def Info: ./img/./v4/stem.PNG  used on input line 352.
(pdftex.def)             Requested size: 67.07153pt x 170.01852pt.

Overfull \hbox (21.90005pt too wide) in paragraph at lines 352--352
[] [] 
 []

[17

 <./img/./v4/stem.PNG>]
<./img/./v4/v4_a.PNG, id=203, 307.1475pt x 193.9245pt>
File: ./img/./v4/v4_a.PNG Graphic file (type png)
<use ./img/./v4/v4_a.PNG>
Package pdftex.def Info: ./img/./v4/v4_a.PNG  used on input line 373.
(pdftex.def)             Requested size: 99.26334pt x 62.67258pt.
<./img/./v4/v4_b.PNG, id=204, 272.81924pt x 192.11775pt>
File: ./img/./v4/v4_b.PNG Graphic file (type png)
<use ./img/./v4/v4_b.PNG>
Package pdftex.def Info: ./img/./v4/v4_b.PNG  used on input line 373.
(pdftex.def)             Requested size: 99.26334pt x 69.90106pt.
<./img/./v4/v4_c.PNG, id=205, 293.29575pt x 185.493pt>
File: ./img/./v4/v4_c.PNG Graphic file (type png)
<use ./img/./v4/v4_c.PNG>
Package pdftex.def Info: ./img/./v4/v4_c.PNG  used on input line 373.
(pdftex.def)             Requested size: 99.26334pt x 62.77808pt.

Overfull \hbox (21.90005pt too wide) in paragraph at lines 373--373
[] [] 
 []

[18

 <./img/./v4/v4_a.PNG> <./img/./v4/v4_b.PNG> <./img/./v4/v4_c.PNG>]
<./img/./v4/red_a.PNG, id=215, 254.75175pt x 193.32225pt>
File: ./img/./v4/red_a.PNG Graphic file (type png)
<use ./img/./v4/red_a.PNG>
Package pdftex.def Info: ./img/./v4/red_a.PNG  used on input line 391.
(pdftex.def)             Requested size: 136.91603pt x 103.89983pt.
<./img/./v4/red_b.PNG, id=216, 235.47975pt x 196.93575pt>
File: ./img/./v4/red_b.PNG Graphic file (type png)
<use ./img/./v4/red_b.PNG>
Package pdftex.def Info: ./img/./v4/red_b.PNG  used on input line 391.
(pdftex.def)             Requested size: 130.07388pt x 108.78676pt.

Overfull \hbox (21.90005pt too wide) in paragraph at lines 391--391
[] [] 
 []

[19

 <./img/./v4/red_a.PNG> <./img/./v4/red_b.PNG>]
<./img/./v4/klmn.PNG, id=227, 457.10776pt x 115.02975pt>
File: ./img/./v4/klmn.PNG Graphic file (type png)
<use ./img/./v4/klmn.PNG>
Package pdftex.def Info: ./img/./v4/klmn.PNG  used on input line 405.
(pdftex.def)             Requested size: 182.83986pt x 46.01108pt.

Overfull \hbox (21.90005pt too wide) in paragraph at lines 405--405
[] [] 
 []

[20

 <./img/./v4/klmn.PNG>] [21

]
<./img/./in_res_v1/incep_res_str.PNG, id=240, 202.95825pt x 487.22025pt>
File: ./img/./in_res_v1/incep_res_str.PNG Graphic file (type png)
<use ./img/./in_res_v1/incep_res_str.PNG>
Package pdftex.def Info: ./img/./in_res_v1/incep_res_str.PNG  used on input lin
e 429.
(pdftex.def)             Requested size: 60.88794pt x 146.16719pt.

Overfull \hbox (21.90005pt too wide) in paragraph at lines 429--429
[] [] 
 []

[22

 <./img/./in_res_v1/incep_res_str.PNG>]
<./img/./in_res_v1/stem.PNG, id=248, 172.2435pt x 463.13025pt>
File: ./img/./in_res_v1/stem.PNG Graphic file (type png)
<use ./img/./in_res_v1/stem.PNG>
Package pdftex.def Info: ./img/./in_res_v1/stem.PNG  used on input line 444.
(pdftex.def)             Requested size: 56.84052pt x 152.83345pt.

Overfull \hbox (21.90005pt too wide) in paragraph at lines 444--444
[] [] 
 []

[23

 <./img/./in_res_v1/stem.PNG>]
<./img/./in_res_v1/a.PNG, id=256, 334.851pt x 328.8285pt>
File: ./img/./in_res_v1/a.PNG Graphic file (type png)
<use ./img/./in_res_v1/a.PNG>
Package pdftex.def Info: ./img/./in_res_v1/a.PNG  used on input line 465.
(pdftex.def)             Requested size: 112.95807pt x 110.92715pt.
<./img/./in_res_v1/b.PNG, id=257, 332.442pt x 415.5525pt>
File: ./img/./in_res_v1/b.PNG Graphic file (type png)
<use ./img/./in_res_v1/b.PNG>
Package pdftex.def Info: ./img/./in_res_v1/b.PNG  used on input line 465.
(pdftex.def)             Requested size: 92.42119pt x 115.52325pt.
<./img/./in_res_v1/c.PNG, id=258, 334.851pt x 414.95026pt>
File: ./img/./in_res_v1/c.PNG Graphic file (type png)
<use ./img/./in_res_v1/c.PNG>
Package pdftex.def Info: ./img/./in_res_v1/c.PNG  used on input line 465.
(pdftex.def)             Requested size: 92.42119pt x 114.52638pt.

Overfull \hbox (21.90005pt too wide) in paragraph at lines 465--465
[] [] 
 []

[24

 <./img/./in_res_v1/a.PNG> <./img/./in_res_v1/b.PNG> <./img/./in_res_v1/c.PNG>]
<./img/./in_res_v1/red_a.PNG, id=268, 254.75175pt x 193.32225pt>
File: ./img/./in_res_v1/red_a.PNG Graphic file (type png)
<use ./img/./in_res_v1/red_a.PNG>
Package pdftex.def Info: ./img/./in_res_v1/red_a.PNG  used on input line 485.
(pdftex.def)             Requested size: 136.91603pt x 103.89983pt.
<./img/./in_res_v1/red_b.PNG, id=269, 341.47575pt x 239.09325pt>
File: ./img/./in_res_v1/red_b.PNG Graphic file (type png)
<use ./img/./in_res_v1/red_b.PNG>
Package pdftex.def Info: ./img/./in_res_v1/red_b.PNG  used on input line 485.
(pdftex.def)             Requested size: 136.91603pt x 95.86543pt.

Overfull \hbox (21.90005pt too wide) in paragraph at lines 485--485
[] [] 
 []

[25

 <./img/./in_res_v1/red_a.PNG> <./img/./in_res_v1/red_b.PNG>]
<./img/./in_res_v2/str.PNG, id=280, 141.52875pt x 489.62926pt>
File: ./img/./in_res_v2/str.PNG Graphic file (type png)
<use ./img/./in_res_v2/str.PNG>
Package pdftex.def Info: ./img/./in_res_v2/str.PNG  used on input line 501.
(pdftex.def)             Requested size: 39.62778pt x 137.09525pt.

Overfull \hbox (21.90005pt too wide) in paragraph at lines 501--501
[] [] 
 []

[26

 <./img/./in_res_v2/str.PNG>]
<./img/./in_res_v2/stem.PNG, id=288, 181.27725pt x 459.51675pt>
File: ./img/./in_res_v2/stem.PNG Graphic file (type png)
<use ./img/./in_res_v2/stem.PNG>
Package pdftex.def Info: ./img/./in_res_v2/stem.PNG  used on input line 516.
(pdftex.def)             Requested size: 59.82167pt x 151.64099pt.

Overfull \hbox (21.90005pt too wide) in paragraph at lines 516--516
[] [] 
 []

[27

 <./img/./in_res_v2/stem.PNG>]
<./img/./in_res_v2/a.PNG, id=296, 336.65775pt x 328.8285pt>
File: ./img/./in_res_v2/a.PNG Graphic file (type png)
<use ./img/./in_res_v2/a.PNG>
Package pdftex.def Info: ./img/./in_res_v2/a.PNG  used on input line 537.
(pdftex.def)             Requested size: 112.95807pt x 110.33008pt.
<./img/./in_res_v2/b.PNG, id=297, 335.45325pt x 416.15475pt>
File: ./img/./in_res_v2/b.PNG Graphic file (type png)
<use ./img/./in_res_v2/b.PNG>
Package pdftex.def Info: ./img/./in_res_v2/b.PNG  used on input line 537.
(pdftex.def)             Requested size: 92.42119pt x 114.65562pt.
<./img/./in_res_v2/c.PNG, id=298, 336.0555pt x 423.38174pt>
File: ./img/./in_res_v2/c.PNG Graphic file (type png)
<use ./img/./in_res_v2/c.PNG>
Package pdftex.def Info: ./img/./in_res_v2/c.PNG  used on input line 537.
(pdftex.def)             Requested size: 92.42119pt x 116.44002pt.

Overfull \hbox (21.90005pt too wide) in paragraph at lines 537--537
[] [] 
 []

[28

 <./img/./in_res_v2/a.PNG> <./img/./in_res_v2/b.PNG> <./img/./in_res_v2/c.PNG>]
<./img/./in_res_v2/red_a.PNG, id=308, 254.75175pt x 193.32225pt>
File: ./img/./in_res_v2/red_a.PNG Graphic file (type png)
<use ./img/./in_res_v2/red_a.PNG>
Package pdftex.def Info: ./img/./in_res_v2/red_a.PNG  used on input line 557.
(pdftex.def)             Requested size: 126.64758pt x 96.10631pt.
<./img/./in_res_v2/red_b.PNG, id=309, 344.487pt x 242.1045pt>
File: ./img/./in_res_v2/red_b.PNG Graphic file (type png)
<use ./img/./in_res_v2/red_b.PNG>
Package pdftex.def Info: ./img/./in_res_v2/red_b.PNG  used on input line 557.
(pdftex.def)             Requested size: 136.91603pt x 96.22314pt.

Overfull \hbox (21.90005pt too wide) in paragraph at lines 557--557
[] [] 
 []

[29

 <./img/./in_res_v2/red_a.PNG> <./img/./in_res_v2/red_b.PNG>] [30

]
<./img/./in_res_v2/scaling.PNG, id=324, 167.4255pt x 215.00325pt>
File: ./img/./in_res_v2/scaling.PNG Graphic file (type png)
<use ./img/./in_res_v2/scaling.PNG>
Package pdftex.def Info: ./img/./in_res_v2/scaling.PNG  used on input line 585.

(pdftex.def)             Requested size: 117.19704pt x 150.50124pt.

Overfull \hbox (21.90005pt too wide) in paragraph at lines 585--585
[] [] 
 []

[31

 <./img/./in_res_v2/scaling.PNG>] ("2020_04_10 07.bbl"

Package hyperref Warning: Token not allowed in a PDF string (PDFDocEncoding):
(hyperref)                removing `\translate ' on input line 1.

) [32

]
\tf@nav=\write6
\openout6 = `"2020_04_10 07.nav"'.

\tf@toc=\write7
\openout7 = `"2020_04_10 07.toc"'.

\tf@snm=\write8
\openout8 = `"2020_04_10 07.snm"'.

Package atveryend Info: Empty hook `BeforeClearDocument' on input line 593.
Package atveryend Info: Empty hook `AfterLastShipout' on input line 593.
 ("2020_04_10 07.aux")
Package atveryend Info: Executing hook `AtVeryEndDocument' on input line 593.
Package atveryend Info: Executing hook `AtEndAfterFileList' on input line 593.
Package rerunfilecheck Info: File `"2020_04_10 07".out' has not changed.
(rerunfilecheck)             Checksum: BB8C1E5082B4F6164430AEFB99076664;315.
 ) 
Here is how much of TeX's memory you used:
 24009 strings out of 492484
 476093 string characters out of 3121602
 534623 words of memory out of 3000000
 27678 multiletter control sequences out of 15000+200000
 14952 words of font info for 55 fonts, out of 3000000 for 9000
 1141 hyphenation exceptions out of 8191
 58i,11n,89p,784b,812s stack positions out of 5000i,500n,10000p,200000b,50000s
<C:/Users/82104/AppData/Local/Programs/MiKTeX 2.9/fonts/type1/public/amsfonts
/cm/cmss10.pfb><C:/Users/82104/AppData/Local/Programs/MiKTeX 2.9/fonts/type1/pu
blic/amsfonts/cm/cmss12.pfb><C:/Users/82104/AppData/Local/Programs/MiKTeX 2.9/f
onts/type1/public/amsfonts/cm/cmss8.pfb><C:/Users/82104/AppData/Local/Programs/
MiKTeX 2.9/fonts/type1/public/amsfonts/cm/cmss9.pfb><C:/Users/82104/AppData/Loc
al/Programs/MiKTeX 2.9/fonts/type1/public/amsfonts/cm/cmssi10.pfb><C:/Users/821
04/AppData/Local/Programs/MiKTeX 2.9/fonts/type1/public/amsfonts/cm/cmssi8.pfb>
<C:/Users/82104/AppData/Local/Programs/MiKTeX 2.9/fonts/type1/public/amsfonts/c
m/cmsy10.pfb>
Output written on "2020_04_10 07.pdf" (32 pages, 2127416 bytes).
PDF statistics:
 384 PDF objects out of 1000 (max. 8388607)
 96 named destinations out of 1000 (max. 500000)
 306 words of extra memory for PDF output out of 10000 (max. 10000000)

